mode: set
nfcunha/aegis/api/auth/introspect.go:84.38,90.47 3 1
nfcunha/aegis/api/auth/introspect.go:90.47,94.3 3 1
nfcunha/aegis/api/auth/introspect.go:97.2,97.29 1 1
nfcunha/aegis/api/auth/introspect.go:97.29,99.3 1 1
nfcunha/aegis/api/auth/introspect.go:102.2,105.16 2 1
nfcunha/aegis/api/auth/introspect.go:105.16,113.3 3 1
nfcunha/aegis/api/auth/introspect.go:116.2,116.84 1 1
nfcunha/aegis/api/auth/introspect.go:116.84,124.3 3 0
nfcunha/aegis/api/auth/introspect.go:127.2,148.33 4 1
nfcunha/aegis/api/auth/introspect.go:165.68,169.29 2 1
nfcunha/aegis/api/auth/introspect.go:169.29,170.17 1 1
nfcunha/aegis/api/auth/introspect.go:170.17,172.4 1 1
nfcunha/aegis/api/auth/introspect.go:176.2,176.41 1 1
nfcunha/aegis/api/auth/introspect.go:176.41,177.23 1 1
nfcunha/aegis/api/auth/introspect.go:177.23,179.4 1 1
nfcunha/aegis/api/auth/introspect.go:183.2,183.34 1 1
nfcunha/aegis/api/auth/revoke.go:44.34,50.47 3 1
nfcunha/aegis/api/auth/revoke.go:50.47,54.3 3 1
nfcunha/aegis/api/auth/revoke.go:57.2,57.34 1 1
nfcunha/aegis/api/auth/revoke.go:57.34,63.3 3 1
nfcunha/aegis/api/auth/revoke.go:66.2,67.16 2 1
nfcunha/aegis/api/auth/revoke.go:67.16,73.3 3 1
nfcunha/aegis/api/auth/revoke.go:76.2,76.52 1 1
nfcunha/aegis/api/auth/revoke.go:76.52,83.3 3 1
nfcunha/aegis/api/auth/revoke.go:86.2,94.4 4 1
nfcunha/aegis/api/auth/validate.go:54.36,60.47 3 1
nfcunha/aegis/api/auth/validate.go:60.47,64.3 3 1
nfcunha/aegis/api/auth/validate.go:67.2,70.16 2 1
nfcunha/aegis/api/auth/validate.go:70.16,81.3 4 1
nfcunha/aegis/api/auth/validate.go:84.2,84.84 1 1
nfcunha/aegis/api/auth/validate.go:84.84,91.3 3 0
nfcunha/aegis/api/auth/validate.go:94.2,108.4 3 1
nfcunha/aegis/api/auth/validate.go:119.49,123.9 2 1
nfcunha/aegis/api/auth/validate.go:124.43,125.25 1 1
nfcunha/aegis/api/auth/validate.go:126.45,127.29 1 1
nfcunha/aegis/api/auth/validate.go:128.45,129.27 1 1
nfcunha/aegis/api/auth/validate.go:130.61,131.34 1 1
nfcunha/aegis/api/auth/validate.go:132.10,133.25 1 1
nfcunha/aegis/api/auth/validate.go:150.38,152.2 2 1
nfcunha/aegis/api/auth/validate.go:152.2,156.3 3 1
nfcunha/aegis/domain/permission/permission.go:30.86,39.2 1 1
nfcunha/aegis/domain/permission/permission.go:46.67,50.2 3 1
nfcunha/aegis/domain/permission/service.go:67.38,70.16 3 0
nfcunha/aegis/domain/permission/service.go:70.16,73.3 2 0
nfcunha/aegis/domain/permission/service.go:74.2,77.25 3 0
nfcunha/aegis/domain/permission/service.go:77.25,82.17 4 0
nfcunha/aegis/domain/permission/service.go:82.17,84.12 2 0
nfcunha/aegis/domain/permission/service.go:87.3,95.48 2 0
nfcunha/aegis/domain/permission/service.go:98.2,99.20 2 0
nfcunha/aegis/domain/permission/service.go:109.51,112.16 3 0
nfcunha/aegis/domain/permission/service.go:112.16,115.3 2 0
nfcunha/aegis/domain/permission/service.go:116.2,118.25 2 0
nfcunha/aegis/domain/permission/service.go:118.25,121.3 2 0
nfcunha/aegis/domain/permission/service.go:123.2,127.16 4 0
nfcunha/aegis/domain/permission/service.go:127.16,130.3 2 0
nfcunha/aegis/domain/permission/service.go:132.2,140.3 2 0
nfcunha/aegis/domain/permission/service.go:150.47,153.2 2 0
nfcunha/aegis/domain/permission/service.go:160.48,161.23 1 0
nfcunha/aegis/domain/permission/service.go:161.23,163.3 1 0
nfcunha/aegis/domain/permission/service.go:165.2,166.31 2 0
nfcunha/aegis/domain/permission/service.go:166.31,168.3 1 0
nfcunha/aegis/domain/permission/service.go:168.8,170.3 1 0
nfcunha/aegis/domain/permission/service.go:180.45,191.16 3 0
nfcunha/aegis/domain/permission/service.go:191.16,193.13 2 0
nfcunha/aegis/domain/permission/service.go:195.2,195.66 1 0
nfcunha/aegis/domain/permission/service.go:205.51,214.16 3 0
nfcunha/aegis/domain/permission/service.go:214.16,216.13 2 0
nfcunha/aegis/domain/permission/service.go:218.2,218.68 1 0
nfcunha/aegis/domain/permission/service.go:229.36,232.16 3 0
nfcunha/aegis/domain/permission/service.go:232.16,234.13 2 0
nfcunha/aegis/domain/permission/service.go:236.2,236.57 1 0
nfcunha/aegis/domain/role/role.go:30.74,39.2 1 1
nfcunha/aegis/domain/role/role.go:46.61,50.2 3 1
nfcunha/aegis/domain/role/service.go:67.26,70.16 3 0
nfcunha/aegis/domain/role/service.go:70.16,73.3 2 0
nfcunha/aegis/domain/role/service.go:74.2,77.25 3 0
nfcunha/aegis/domain/role/service.go:77.25,82.17 4 0
nfcunha/aegis/domain/role/service.go:82.17,84.12 2 0
nfcunha/aegis/domain/role/service.go:87.3,95.30 2 0
nfcunha/aegis/domain/role/service.go:98.2,99.14 2 0
nfcunha/aegis/domain/role/service.go:109.39,112.16 3 0
nfcunha/aegis/domain/role/service.go:112.16,115.3 2 0
nfcunha/aegis/domain/role/service.go:116.2,118.25 2 0
nfcunha/aegis/domain/role/service.go:118.25,121.3 2 0
nfcunha/aegis/domain/role/service.go:123.2,127.16 4 0
nfcunha/aegis/domain/role/service.go:127.16,130.3 2 0
nfcunha/aegis/domain/role/service.go:132.2,140.3 2 0
nfcunha/aegis/domain/role/service.go:150.41,153.2 2 0
nfcunha/aegis/domain/role/service.go:160.30,161.17 1 0
nfcunha/aegis/domain/role/service.go:161.17,163.3 1 0
nfcunha/aegis/domain/role/service.go:165.2,166.25 2 0
nfcunha/aegis/domain/role/service.go:166.25,168.3 1 0
nfcunha/aegis/domain/role/service.go:168.8,170.3 1 0
nfcunha/aegis/domain/role/service.go:180.27,191.16 3 0
nfcunha/aegis/domain/role/service.go:191.16,193.13 2 0
nfcunha/aegis/domain/role/service.go:195.2,195.54 1 0
nfcunha/aegis/domain/role/service.go:205.33,214.16 3 0
nfcunha/aegis/domain/role/service.go:214.16,216.13 2 0
nfcunha/aegis/domain/role/service.go:218.2,218.56 1 0
nfcunha/aegis/domain/role/service.go:229.30,232.16 3 0
nfcunha/aegis/domain/role/service.go:232.16,234.13 2 0
nfcunha/aegis/domain/role/service.go:236.2,236.51 1 0
nfcunha/aegis/domain/token/global.go:15.47,17.2 1 1
nfcunha/aegis/domain/token/memory.go:22.44,26.2 1 1
nfcunha/aegis/domain/token/memory.go:37.70,48.2 4 1
nfcunha/aegis/domain/token/memory.go:58.58,64.2 4 1
nfcunha/aegis/domain/token/memory.go:72.41,80.36 5 1
nfcunha/aegis/domain/token/memory.go:80.36,81.34 1 1
nfcunha/aegis/domain/token/memory.go:81.34,84.4 2 1
nfcunha/aegis/domain/token/memory.go:87.2,87.16 1 1
nfcunha/aegis/domain/token/memory.go:95.38,100.2 3 1
nfcunha/aegis/util/hash/hash.go:37.36,42.16 3 1
nfcunha/aegis/util/hash/hash.go:42.16,43.13 1 0
nfcunha/aegis/util/hash/hash.go:46.2,48.16 3 1
nfcunha/aegis/util/hash/hash.go:48.16,49.13 1 0
nfcunha/aegis/util/hash/hash.go:52.2,55.51 3 1
nfcunha/aegis/util/hash/hash.go:68.81,88.2 6 1
nfcunha/aegis/util/hash/hash.go:101.74,104.2 2 1
nfcunha/aegis/util/hash/hash.go:112.26,114.47 2 1
nfcunha/aegis/util/hash/hash.go:114.47,116.3 1 1
nfcunha/aegis/util/hash/hash.go:117.2,119.25 3 1
nfcunha/aegis/api/user/api.go:75.38,77.2 2 1
nfcunha/aegis/api/user/api.go:77.2,90.3 12 1
nfcunha/aegis/api/user/api.go:93.35,96.47 3 1
nfcunha/aegis/api/user/api.go:96.47,100.3 3 1
nfcunha/aegis/api/user/api.go:103.2,103.50 1 1
nfcunha/aegis/api/user/api.go:103.50,107.3 3 1
nfcunha/aegis/api/user/api.go:110.2,113.33 2 1
nfcunha/aegis/api/user/api.go:113.33,115.3 1 1
nfcunha/aegis/api/user/api.go:118.2,118.45 1 1
nfcunha/aegis/api/user/api.go:118.45,120.3 1 1
nfcunha/aegis/api/user/api.go:123.2,126.50 3 1
nfcunha/aegis/api/user/api.go:129.32,132.47 3 1
nfcunha/aegis/api/user/api.go:132.47,136.3 3 0
nfcunha/aegis/api/user/api.go:139.2,140.17 2 1
nfcunha/aegis/api/user/api.go:140.17,144.3 3 1
nfcunha/aegis/api/user/api.go:147.2,147.39 1 1
nfcunha/aegis/api/user/api.go:147.39,151.3 3 1
nfcunha/aegis/api/user/api.go:154.2,155.34 2 1
nfcunha/aegis/api/user/api.go:155.34,157.3 1 0
nfcunha/aegis/api/user/api.go:159.2,160.46 2 1
nfcunha/aegis/api/user/api.go:160.46,162.3 1 0
nfcunha/aegis/api/user/api.go:164.2,165.16 2 1
nfcunha/aegis/api/user/api.go:165.16,169.3 3 0
nfcunha/aegis/api/user/api.go:171.2,178.4 2 1
nfcunha/aegis/api/user/api.go:181.35,184.47 3 0
nfcunha/aegis/api/user/api.go:184.47,188.3 3 0
nfcunha/aegis/api/user/api.go:191.2,192.16 2 0
nfcunha/aegis/api/user/api.go:192.16,196.3 3 0
nfcunha/aegis/api/user/api.go:199.2,200.16 2 0
nfcunha/aegis/api/user/api.go:200.16,204.3 3 0
nfcunha/aegis/api/user/api.go:206.2,207.17 2 0
nfcunha/aegis/api/user/api.go:207.17,211.3 3 0
nfcunha/aegis/api/user/api.go:214.2,215.34 2 0
nfcunha/aegis/api/user/api.go:215.34,217.3 1 0
nfcunha/aegis/api/user/api.go:219.2,220.46 2 0
nfcunha/aegis/api/user/api.go:220.46,222.3 1 0
nfcunha/aegis/api/user/api.go:224.2,225.16 2 0
nfcunha/aegis/api/user/api.go:225.16,229.3 3 0
nfcunha/aegis/api/user/api.go:231.2,238.4 2 0
nfcunha/aegis/api/user/api.go:241.32,245.29 4 1
nfcunha/aegis/api/user/api.go:245.29,247.3 1 1
nfcunha/aegis/api/user/api.go:248.2,249.33 2 1
nfcunha/aegis/api/user/api.go:252.30,256.16 4 1
nfcunha/aegis/api/user/api.go:256.16,260.3 3 0
nfcunha/aegis/api/user/api.go:262.2,263.17 2 1
nfcunha/aegis/api/user/api.go:263.17,267.3 3 1
nfcunha/aegis/api/user/api.go:269.2,270.45 2 1
nfcunha/aegis/api/user/api.go:273.33,276.16 3 0
nfcunha/aegis/api/user/api.go:276.16,279.3 2 0
nfcunha/aegis/api/user/api.go:281.2,282.17 2 0
nfcunha/aegis/api/user/api.go:282.17,285.3 2 0
nfcunha/aegis/api/user/api.go:287.2,288.47 2 0
nfcunha/aegis/api/user/api.go:288.47,291.3 2 0
nfcunha/aegis/api/user/api.go:294.2,294.54 1 0
nfcunha/aegis/api/user/api.go:294.54,296.51 1 0
nfcunha/aegis/api/user/api.go:296.51,299.4 2 0
nfcunha/aegis/api/user/api.go:300.3,300.29 1 0
nfcunha/aegis/api/user/api.go:304.2,304.24 1 0
nfcunha/aegis/api/user/api.go:304.24,306.3 1 0
nfcunha/aegis/api/user/api.go:309.2,310.33 2 0
nfcunha/aegis/api/user/api.go:310.33,312.3 1 0
nfcunha/aegis/api/user/api.go:315.2,316.45 2 0
nfcunha/aegis/api/user/api.go:316.45,318.3 1 0
nfcunha/aegis/api/user/api.go:320.2,325.45 4 0
nfcunha/aegis/api/user/api.go:328.33,332.16 4 1
nfcunha/aegis/api/user/api.go:332.16,336.3 3 0
nfcunha/aegis/api/user/api.go:338.2,339.17 2 1
nfcunha/aegis/api/user/api.go:339.17,343.3 3 0
nfcunha/aegis/api/user/api.go:345.2,348.70 3 1
nfcunha/aegis/api/user/api.go:351.37,354.16 3 1
nfcunha/aegis/api/user/api.go:354.16,357.3 2 0
nfcunha/aegis/api/user/api.go:359.2,360.17 2 1
nfcunha/aegis/api/user/api.go:360.17,363.3 2 0
nfcunha/aegis/api/user/api.go:365.2,366.47 2 1
nfcunha/aegis/api/user/api.go:366.47,369.3 2 0
nfcunha/aegis/api/user/api.go:372.2,372.42 1 1
nfcunha/aegis/api/user/api.go:372.42,375.3 2 1
nfcunha/aegis/api/user/api.go:378.2,381.74 3 1
nfcunha/aegis/api/user/api.go:384.36,388.16 4 0
nfcunha/aegis/api/user/api.go:388.16,392.3 3 0
nfcunha/aegis/api/user/api.go:394.2,395.17 2 0
nfcunha/aegis/api/user/api.go:395.17,399.3 3 0
nfcunha/aegis/api/user/api.go:401.2,402.47 2 0
nfcunha/aegis/api/user/api.go:402.47,406.3 3 0
nfcunha/aegis/api/user/api.go:409.2,410.24 2 0
nfcunha/aegis/api/user/api.go:410.24,414.3 3 0
nfcunha/aegis/api/user/api.go:417.2,421.45 4 0
nfcunha/aegis/api/user/api.go:424.41,429.16 5 0
nfcunha/aegis/api/user/api.go:429.16,433.3 3 0
nfcunha/aegis/api/user/api.go:435.2,436.17 2 0
nfcunha/aegis/api/user/api.go:436.17,440.3 3 0
nfcunha/aegis/api/user/api.go:443.2,444.25 2 0
nfcunha/aegis/api/user/api.go:444.25,448.3 3 0
nfcunha/aegis/api/user/api.go:451.2,455.45 4 0
nfcunha/aegis/api/user/api.go:458.42,462.16 4 0
nfcunha/aegis/api/user/api.go:462.16,466.3 3 0
nfcunha/aegis/api/user/api.go:468.2,469.17 2 0
nfcunha/aegis/api/user/api.go:469.17,473.3 3 0
nfcunha/aegis/api/user/api.go:475.2,476.47 2 0
nfcunha/aegis/api/user/api.go:476.47,480.3 3 0
nfcunha/aegis/api/user/api.go:483.2,484.36 2 0
nfcunha/aegis/api/user/api.go:484.36,488.3 3 0
nfcunha/aegis/api/user/api.go:491.2,495.45 4 0
nfcunha/aegis/api/user/api.go:498.47,503.16 5 0
nfcunha/aegis/api/user/api.go:503.16,507.3 3 0
nfcunha/aegis/api/user/api.go:509.2,510.17 2 0
nfcunha/aegis/api/user/api.go:510.17,514.3 3 0
nfcunha/aegis/api/user/api.go:517.2,518.37 2 0
nfcunha/aegis/api/user/api.go:518.37,522.3 3 0
nfcunha/aegis/api/user/api.go:525.2,529.45 4 0
nfcunha/aegis/api/user/api.go:540.58,551.2 1 1
nfcunha/aegis/domain/user/service.go:136.26,139.16 3 0
nfcunha/aegis/domain/user/service.go:139.16,142.3 2 0
nfcunha/aegis/domain/user/service.go:143.2,146.25 3 0
nfcunha/aegis/domain/user/service.go:146.25,151.17 4 0
nfcunha/aegis/domain/user/service.go:151.17,153.12 2 0
nfcunha/aegis/domain/user/service.go:156.3,157.17 2 0
nfcunha/aegis/domain/user/service.go:157.17,159.12 2 0
nfcunha/aegis/domain/user/service.go:162.3,175.30 4 0
nfcunha/aegis/domain/user/service.go:178.2,179.14 2 0
nfcunha/aegis/domain/user/service.go:190.42,193.16 3 0
nfcunha/aegis/domain/user/service.go:193.16,196.3 2 0
nfcunha/aegis/domain/user/service.go:197.2,199.25 2 0
nfcunha/aegis/domain/user/service.go:199.25,202.3 2 0
nfcunha/aegis/domain/user/service.go:204.2,208.16 4 0
nfcunha/aegis/domain/user/service.go:208.16,210.3 1 0
nfcunha/aegis/domain/user/service.go:212.2,213.16 2 0
nfcunha/aegis/domain/user/service.go:213.16,215.3 1 0
nfcunha/aegis/domain/user/service.go:217.2,233.14 5 0
nfcunha/aegis/domain/user/service.go:244.45,247.16 3 0
nfcunha/aegis/domain/user/service.go:247.16,250.3 2 0
nfcunha/aegis/domain/user/service.go:251.2,253.25 2 0
nfcunha/aegis/domain/user/service.go:253.25,256.3 2 0
nfcunha/aegis/domain/user/service.go:258.2,262.16 4 0
nfcunha/aegis/domain/user/service.go:262.16,264.3 1 0
nfcunha/aegis/domain/user/service.go:266.2,267.16 2 0
nfcunha/aegis/domain/user/service.go:267.16,269.3 1 0
nfcunha/aegis/domain/user/service.go:271.2,286.14 4 0
nfcunha/aegis/domain/user/service.go:296.47,299.2 2 0
nfcunha/aegis/domain/user/service.go:308.30,309.17 1 0
nfcunha/aegis/domain/user/service.go:309.17,311.3 1 0
nfcunha/aegis/domain/user/service.go:313.2,314.25 2 0
nfcunha/aegis/domain/user/service.go:314.25,316.3 1 0
nfcunha/aegis/domain/user/service.go:316.8,320.3 3 0
nfcunha/aegis/domain/user/service.go:322.2,322.34 1 0
nfcunha/aegis/domain/user/service.go:322.34,324.3 1 0
nfcunha/aegis/domain/user/service.go:325.2,325.46 1 0
nfcunha/aegis/domain/user/service.go:325.46,327.3 1 0
nfcunha/aegis/domain/user/service.go:336.42,338.34 2 0
nfcunha/aegis/domain/user/service.go:338.34,340.3 1 0
nfcunha/aegis/domain/user/service.go:341.2,341.42 1 0
nfcunha/aegis/domain/user/service.go:341.42,342.22 1 0
nfcunha/aegis/domain/user/service.go:342.22,344.4 1 0
nfcunha/aegis/domain/user/service.go:354.48,356.46 2 0
nfcunha/aegis/domain/user/service.go:356.46,358.3 1 0
nfcunha/aegis/domain/user/service.go:359.2,359.54 1 0
nfcunha/aegis/domain/user/service.go:359.54,360.34 1 0
nfcunha/aegis/domain/user/service.go:360.34,362.4 1 0
nfcunha/aegis/domain/user/service.go:373.27,387.16 3 0
nfcunha/aegis/domain/user/service.go:387.16,389.13 2 0
nfcunha/aegis/domain/user/service.go:391.2,391.57 1 0
nfcunha/aegis/domain/user/service.go:401.29,413.16 3 0
nfcunha/aegis/domain/user/service.go:413.16,415.13 2 0
nfcunha/aegis/domain/user/service.go:417.2,417.59 1 0
nfcunha/aegis/domain/user/service.go:428.35,431.16 3 0
nfcunha/aegis/domain/user/service.go:431.16,433.13 2 0
nfcunha/aegis/domain/user/service.go:435.2,435.62 1 0
nfcunha/aegis/domain/user/service.go:442.32,444.16 2 0
nfcunha/aegis/domain/user/service.go:444.16,446.3 1 0
nfcunha/aegis/domain/user/service.go:447.2,450.18 3 0
nfcunha/aegis/domain/user/service.go:450.18,453.17 3 0
nfcunha/aegis/domain/user/service.go:453.17,454.12 1 0
nfcunha/aegis/domain/user/service.go:456.3,457.30 2 0
nfcunha/aegis/domain/user/service.go:459.2,459.20 1 0
nfcunha/aegis/domain/user/service.go:470.45,472.16 2 0
nfcunha/aegis/domain/user/service.go:472.16,473.13 1 0
nfcunha/aegis/domain/user/service.go:485.48,487.16 2 0
nfcunha/aegis/domain/user/service.go:487.16,488.13 1 0
nfcunha/aegis/domain/user/service.go:496.38,498.16 2 0
nfcunha/aegis/domain/user/service.go:498.16,500.3 1 0
nfcunha/aegis/domain/user/service.go:501.2,504.18 3 0
nfcunha/aegis/domain/user/service.go:504.18,507.17 3 0
nfcunha/aegis/domain/user/service.go:507.17,508.12 1 0
nfcunha/aegis/domain/user/service.go:510.3,511.48 2 0
nfcunha/aegis/domain/user/service.go:513.2,513.32 1 0
nfcunha/aegis/domain/user/service.go:524.59,526.16 2 0
nfcunha/aegis/domain/user/service.go:526.16,527.13 1 0
nfcunha/aegis/domain/user/service.go:539.62,541.16 2 0
nfcunha/aegis/domain/user/service.go:541.16,542.13 1 0
nfcunha/aegis/domain/user/user.go:46.27,60.2 2 1
nfcunha/aegis/domain/user/user.go:70.52,72.2 1 1
nfcunha/aegis/domain/user/user.go:80.69,90.2 9 1
nfcunha/aegis/domain/user/user.go:97.94,101.2 3 1
nfcunha/aegis/domain/user/user.go:109.57,110.28 1 1
nfcunha/aegis/domain/user/user.go:110.28,111.16 1 1
nfcunha/aegis/domain/user/user.go:111.16,113.4 1 1
nfcunha/aegis/domain/user/user.go:115.2,117.25 3 1
nfcunha/aegis/domain/user/user.go:126.60,127.28 1 1
nfcunha/aegis/domain/user/user.go:127.28,128.16 1 1
nfcunha/aegis/domain/user/user.go:128.16,133.4 4 1
nfcunha/aegis/domain/user/user.go:144.44,145.28 1 1
nfcunha/aegis/domain/user/user.go:145.28,146.16 1 1
nfcunha/aegis/domain/user/user.go:146.16,148.4 1 1
nfcunha/aegis/domain/user/user.go:150.2,150.14 1 1
nfcunha/aegis/domain/user/user.go:159.71,160.34 1 1
nfcunha/aegis/domain/user/user.go:160.34,161.22 1 1
nfcunha/aegis/domain/user/user.go:161.22,163.4 1 1
nfcunha/aegis/domain/user/user.go:165.2,167.25 3 1
nfcunha/aegis/domain/user/user.go:176.74,177.34 1 1
nfcunha/aegis/domain/user/user.go:177.34,178.22 1 1
nfcunha/aegis/domain/user/user.go:178.22,183.4 4 1
nfcunha/aegis/domain/user/user.go:194.58,195.34 1 1
nfcunha/aegis/domain/user/user.go:195.34,196.22 1 1
nfcunha/aegis/domain/user/user.go:196.22,198.4 1 1
nfcunha/aegis/domain/user/user.go:200.2,200.14 1 1
nfcunha/aegis/util/jwt/jwt.go:60.116,66.16 4 1
nfcunha/aegis/util/jwt/jwt.go:66.16,68.3 1 0
nfcunha/aegis/util/jwt/jwt.go:71.2,72.16 2 1
nfcunha/aegis/util/jwt/jwt.go:72.16,74.3 1 0
nfcunha/aegis/util/jwt/jwt.go:76.2,81.8 1 1
nfcunha/aegis/util/jwt/jwt.go:86.166,105.16 5 1
nfcunha/aegis/util/jwt/jwt.go:105.16,107.3 1 0
nfcunha/aegis/util/jwt/jwt.go:109.2,112.8 1 1
nfcunha/aegis/util/jwt/jwt.go:124.62,127.101 2 1
nfcunha/aegis/util/jwt/jwt.go:127.101,128.58 1 1
nfcunha/aegis/util/jwt/jwt.go:128.58,130.4 1 1
nfcunha/aegis/util/jwt/jwt.go:131.3,131.33 1 1
nfcunha/aegis/util/jwt/jwt.go:134.2,134.16 1 1
nfcunha/aegis/util/jwt/jwt.go:134.16,136.3 1 1
nfcunha/aegis/util/jwt/jwt.go:138.2,138.18 1 1
nfcunha/aegis/util/jwt/jwt.go:138.18,140.3 1 0
nfcunha/aegis/util/jwt/jwt.go:142.2,142.20 1 1
nfcunha/aegis/util/jwt/jwt.go:153.69,155.16 2 1
nfcunha/aegis/util/jwt/jwt.go:155.16,157.3 1 1
nfcunha/aegis/util/jwt/jwt.go:159.2,159.35 1 1
nfcunha/aegis/util/jwt/jwt.go:159.35,161.3 1 1
nfcunha/aegis/util/jwt/jwt.go:163.2,163.20 1 1
nfcunha/aegis/util/jwt/jwt.go:171.41,175.57 3 1
nfcunha/aegis/util/jwt/jwt.go:175.57,176.70 1 1
nfcunha/aegis/util/jwt/jwt.go:176.70,179.4 2 1
nfcunha/aegis/util/jwt/jwt.go:180.3,180.127 1 1
nfcunha/aegis/util/jwt/jwt.go:183.2,184.64 2 1
nfcunha/aegis/util/jwt/jwt.go:193.28,195.55 2 1
nfcunha/aegis/util/jwt/jwt.go:195.55,197.3 1 1
nfcunha/aegis/util/jwt/jwt.go:199.2,201.16 3 1
nfcunha/aegis/util/jwt/jwt.go:201.16,203.3 1 0
nfcunha/aegis/util/jwt/jwt.go:204.2,207.24 4 1
